\BOOKMARK [1][-]{section*.1}{\376\377\000M\000a\000i\000n\000\040\000S\000o\000u\000r\000c\000e\000s}{}% 1
\BOOKMARK [1][-]{Item.3}{\376\377\000A\000b\000s\000t\000r\000a\000c\000t}{}% 2
\BOOKMARK [1][-]{section*.5}{\376\377\000C\000h\000a\000p\000t\000e\000r\000\040\0001\000:\000\040\000I\000n\000t\000r\000o\000d\000u\000c\000t\000i\000o\000n}{}% 3
\BOOKMARK [1][-]{section*.6}{\376\377\000C\000h\000a\000p\000t\000e\000r\000\040\0002\000:\000\040\000L\000i\000t\000e\000r\000a\000t\000u\000r\000e\000\040\000R\000e\000v\000i\000e\000w}{}% 4
\BOOKMARK [2][-]{subsection.2.1}{\376\377\000B\000a\000c\000k\000g\000r\000o\000u\000n\000d\000\040\000a\000n\000d\000\040\000P\000r\000o\000b\000l\000e\000m\000\040\000F\000o\000r\000m\000u\000l\000a\000t\000i\000o\000n}{section*.6}% 5
\BOOKMARK [2][-]{subsection.2.2}{\376\377\000K\000e\000y\000\040\000C\000h\000a\000l\000l\000e\000n\000g\000e\000s\000\040\000i\000n\000\040\000N\000e\000u\000r\000a\000l\000\040\000C\000o\000d\000e\000\040\000G\000e\000n\000e\000r\000a\000t\000i\000o\000n}{section*.6}% 6
\BOOKMARK [2][-]{subsection.2.3}{\376\377\000R\000e\000l\000a\000t\000e\000d\000\040\000P\000r\000e\000-\000t\000r\000a\000i\000n\000e\000d\000\040\000M\000o\000d\000e\000l\000s\000\040\000f\000o\000r\000\040\000C\000o\000d\000e}{section*.6}% 7
\BOOKMARK [1][-]{section*.7}{\376\377\000C\000h\000a\000p\000t\000e\000r\000\040\0003\000:\000\040\000M\000e\000t\000h\000o\000d\000o\000l\000o\000g\000i\000e\000s}{}% 8
\BOOKMARK [2][-]{subsection.3.1}{\376\377\000C\000o\000d\000e\000T\0005\000:\000\040\000I\000d\000e\000n\000t\000i\000f\000i\000e\000r\000-\000a\000w\000a\000r\000e\000\040\000E\000n\000c\000o\000d\000e\000r\000-\000D\000e\000c\000o\000d\000e\000r\000\040\000M\000o\000d\000e\000l}{section*.7}% 9
\BOOKMARK [3][-]{subsubsection.3.1.1}{\376\377\000M\000o\000d\000e\000l\000\040\000A\000r\000c\000h\000i\000t\000e\000c\000t\000u\000r\000e\000\040\000O\000v\000e\000r\000v\000i\000e\000w}{subsection.3.1}% 10
\BOOKMARK [2][-]{subsection.3.2}{\376\377\000I\000n\000C\000o\000d\000e\000r\000:\000\040\000G\000e\000n\000e\000r\000a\000t\000i\000v\000e\000\040\000M\000o\000d\000e\000l\000\040\000f\000o\000r\000\040\000C\000o\000d\000e\000\040\000I\000n\000f\000i\000l\000l\000i\000n\000g\000\040\000a\000n\000d\000\040\000S\000y\000n\000t\000h\000e\000s\000i\000s}{section*.7}% 11
\BOOKMARK [3][-]{subsubsection.3.2.1}{\376\377\000M\000o\000d\000e\000l\000\040\000A\000r\000c\000h\000i\000t\000e\000c\000t\000u\000r\000e\000\040\000O\000v\000e\000r\000v\000i\000e\000w}{subsection.3.2}% 12
\BOOKMARK [2][-]{subsection.3.3}{\376\377\000S\000t\000r\000u\000c\000t\000C\000o\000d\000e\000r\000:\000\040\000S\000t\000r\000u\000c\000t\000u\000r\000e\000-\000a\000w\000a\000r\000e\000\040\000C\000o\000d\000e\000\040\000G\000e\000n\000e\000r\000a\000t\000i\000o\000n}{section*.7}% 13
\BOOKMARK [3][-]{subsubsection.3.3.1}{\376\377\000S\000t\000r\000u\000c\000t\000u\000r\000e\000-\000A\000w\000a\000r\000e\000\040\000E\000n\000c\000o\000d\000e\000r}{subsection.3.3}% 14
\BOOKMARK [3][-]{subsubsection.3.3.2}{\376\377\000S\000t\000r\000u\000c\000t\000u\000r\000e\000-\000A\000w\000a\000r\000e\000\040\000D\000e\000c\000o\000d\000e\000r}{subsection.3.3}% 15
\BOOKMARK [1][-]{section*.16}{\376\377\000C\000h\000a\000p\000t\000e\000r\000\040\0004\000:\000\040\000C\000o\000m\000p\000a\000r\000a\000t\000i\000v\000e\000\040\000A\000n\000a\000l\000y\000s\000i\000s}{}% 16
\BOOKMARK [2][-]{subsection.4.1}{\376\377\000M\000o\000d\000e\000l\000\040\000S\000p\000e\000c\000i\000f\000i\000c\000a\000t\000i\000o\000n\000s}{section*.16}% 17
\BOOKMARK [2][-]{subsection.4.2}{\376\377\000P\000e\000r\000f\000o\000r\000m\000a\000n\000c\000e\000\040\000o\000n\000\040\000C\000o\000d\000e\000\040\000G\000e\000n\000e\000r\000a\000t\000i\000o\000n\000\040\000B\000e\000n\000c\000h\000m\000a\000r\000k\000s}{section*.16}% 18
\BOOKMARK [3][-]{subsubsection.4.2.1}{\376\377\000C\000o\000d\000e\000\040\000S\000u\000m\000m\000a\000r\000i\000z\000a\000t\000i\000o\000n\000\040\000\050\000P\000L\000\040\000t\000o\000\040\000N\000L\000\051}{subsection.4.2}% 19
\BOOKMARK [3][-]{subsubsection.4.2.2}{\376\377\000C\000o\000d\000e\000\040\000T\000r\000a\000n\000s\000l\000a\000t\000i\000o\000n\000\040\000\050\000J\000a\000v\000a\000\040\000a\000n\000d\000\040\000C\000\043\000\051}{subsection.4.2}% 20
\BOOKMARK [3][-]{subsubsection.4.2.3}{\376\377\000C\000o\000d\000e\000\040\000G\000e\000n\000e\000r\000a\000t\000i\000o\000n\000\040\000f\000r\000o\000m\000\040\000T\000e\000x\000t\000\040\000\050\000C\000O\000N\000C\000O\000D\000E\000\051}{subsection.4.2}% 21
\BOOKMARK [3][-]{subsubsection.4.2.4}{\376\377\000P\000r\000o\000g\000r\000a\000m\000\040\000S\000y\000n\000t\000h\000e\000s\000i\000s\000\040\000\050\000H\000u\000m\000a\000n\000E\000v\000a\000l\000\051}{subsection.4.2}% 22
\BOOKMARK [3][-]{subsubsection.4.2.5}{\376\377\000D\000e\000f\000e\000c\000t\000\040\000D\000e\000t\000e\000c\000t\000i\000o\000n\000\040\000a\000n\000d\000\040\000C\000l\000o\000n\000e\000\040\000D\000e\000t\000e\000c\000t\000i\000o\000n}{subsection.4.2}% 23
\BOOKMARK [2][-]{subsection.4.3}{\376\377\000S\000t\000r\000e\000n\000g\000t\000h\000s\000\040\000a\000n\000d\000\040\000W\000e\000a\000k\000n\000e\000s\000s\000e\000s}{section*.16}% 24
\BOOKMARK [1][-]{section*.19}{\376\377\000C\000h\000a\000p\000t\000e\000r\000\040\0005\000:\000\040\000D\000i\000s\000c\000u\000s\000s\000i\000o\000n}{}% 25
\BOOKMARK [1][-]{section*.20}{\376\377\000C\000h\000a\000p\000t\000e\000r\000\040\0006\000:\000\040\000L\000i\000m\000i\000t\000a\000t\000i\000o\000n\000s\000\040\000a\000n\000d\000\040\000F\000u\000t\000u\000r\000e\000\040\000P\000r\000o\000p\000o\000s\000e\000d\000\040\000I\000d\000e\000a}{}% 26
\BOOKMARK [1][-]{section*.21}{\376\377\000C\000h\000a\000p\000t\000e\000r\000\040\0007\000:\000\040\000C\000o\000n\000c\000l\000u\000s\000i\000o\000n}{}% 27
\BOOKMARK [1][-]{section*.21}{\376\377\000R\000e\000f\000e\000r\000e\000n\000c\000e\000s}{}% 28
